20:47:02 **** Build of configuration Debug for project Door_Locker_Security_System_MC1 ****
make all 
Building file: ../HMI_ECU.c
Invoking: AVR Compiler
avr-gcc -Wall -g2 -gstabs -O0 -fpack-struct -fshort-enums -ffunction-sections -fdata-sections -std=gnu99 -funsigned-char -funsigned-bitfields -mmcu=atmega32 -DF_CPU=8000000UL -MMD -MP -MF"HMI_ECU.d" -MT"HMI_ECU.o" -c -o "HMI_ECU.o" "../HMI_ECU.c"
In file included from ../HMI_ECU.c:13:
c:/winavr-20100110/lib/gcc/../../avr/include/util/delay.h:90:3: warning: #warning "Compiler optimizations disabled; functions from <util/delay.h> won't work as designed"
Finished building: ../HMI_ECU.c
 
Building file: ../gpio.c
Invoking: AVR Compiler
avr-gcc -Wall -g2 -gstabs -O0 -fpack-struct -fshort-enums -ffunction-sections -fdata-sections -std=gnu99 -funsigned-char -funsigned-bitfields -mmcu=atmega32 -DF_CPU=8000000UL -MMD -MP -MF"gpio.d" -MT"gpio.o" -c -o "gpio.o" "../gpio.c"
Finished building: ../gpio.c
 
Building file: ../keypad.c
Invoking: AVR Compiler
avr-gcc -Wall -g2 -gstabs -O0 -fpack-struct -fshort-enums -ffunction-sections -fdata-sections -std=gnu99 -funsigned-char -funsigned-bitfields -mmcu=atmega32 -DF_CPU=8000000UL -MMD -MP -MF"keypad.d" -MT"keypad.o" -c -o "keypad.o" "../keypad.c"
In file included from ../keypad.c:14:
c:/winavr-20100110/lib/gcc/../../avr/include/util/delay.h:90:3: warning: #warning "Compiler optimizations disabled; functions from <util/delay.h> won't work as designed"
Finished building: ../keypad.c
 
Building file: ../lcd.c
Invoking: AVR Compiler
avr-gcc -Wall -g2 -gstabs -O0 -fpack-struct -fshort-enums -ffunction-sections -fdata-sections -std=gnu99 -funsigned-char -funsigned-bitfields -mmcu=atmega32 -DF_CPU=8000000UL -MMD -MP -MF"lcd.d" -MT"lcd.o" -c -o "lcd.o" "../lcd.c"
In file included from ../lcd.c:13:
c:/winavr-20100110/lib/gcc/../../avr/include/util/delay.h:90:3: warning: #warning "Compiler optimizations disabled; functions from <util/delay.h> won't work as designed"
../lcd.c: In function 'LCD_intgerToString':
../lcd.c:209: warning: implicit declaration of function 'itoa'
Finished building: ../lcd.c
 
Building file: ../timer.c
Invoking: AVR Compiler
avr-gcc -Wall -g2 -gstabs -O0 -fpack-struct -fshort-enums -ffunction-sections -fdata-sections -std=gnu99 -funsigned-char -funsigned-bitfields -mmcu=atmega32 -DF_CPU=8000000UL -MMD -MP -MF"timer.d" -MT"timer.o" -c -o "timer.o" "../timer.c"
../timer.c: In function 'Timer0_setCallBack':
../timer.c:106: warning: function return types not compatible due to 'volatile'
../timer.c: In function 'Timer1_setCallBack':
../timer.c:241: warning: function return types not compatible due to 'volatile'
Finished building: ../timer.c
 
Building file: ../uart.c
Invoking: AVR Compiler
avr-gcc -Wall -g2 -gstabs -O0 -fpack-struct -fshort-enums -ffunction-sections -fdata-sections -std=gnu99 -funsigned-char -funsigned-bitfields -mmcu=atmega32 -DF_CPU=8000000UL -MMD -MP -MF"uart.d" -MT"uart.o" -c -o "uart.o" "../uart.c"
Finished building: ../uart.c
 
Building target: Door_Locker_Security_System_MC1.elf
Invoking: AVR C Linker
avr-gcc -Wl,-Map,Door_Locker_Security_System_MC1.map -mmcu=atmega32 -o "Door_Locker_Security_System_MC1.elf"  ./HMI_ECU.o ./gpio.o ./keypad.o ./lcd.o ./timer.o ./uart.o   
Finished building target: Door_Locker_Security_System_MC1.elf
 
Invoking: AVR Create Extended Listing
avr-objdump -h -S Door_Locker_Security_System_MC1.elf  >"Door_Locker_Security_System_MC1.lss"
Finished building: Door_Locker_Security_System_MC1.lss
 
Invoking: Print Size
avr-size --format=avr --mcu=atmega32 Door_Locker_Security_System_MC1.elf
AVR Memory Usage
----------------
Device: atmega32

Program:   12942 bytes (39.5% Full)
(.text + .data + .bootloader)

Data:        175 bytes (8.5% Full)
(.data + .bss + .noinit)


Finished building: sizedummy
 

20:47:04 Build Finished. 0 errors, 6 warnings. (took 2s.337ms)

